10:56:16 **** Incremental Build of configuration Debug for project TF_Termometro2 ****
make -j4 all 
arm-none-eabi-gcc "../Core/Src/main.c" -mcpu=cortex-m4 -std=gnu11 -g3 -DDEBUG -DUSE_HAL_DRIVER -DSTM32F429xx -c -I../Core/Inc -I../Drivers/STM32F4xx_HAL_Driver/Inc -I../Drivers/STM32F4xx_HAL_Driver/Inc/Legacy -I../Drivers/CMSIS/Device/ST/STM32F4xx/Include -I../Drivers/CMSIS/Include -I"/home/rome/STM32CubeIDE/workspace_1.12.1/RaulRomero_workspace/TF_Termometro2/Core/API/Inc" -I"/home/rome/STM32CubeIDE/workspace_1.12.1/RaulRomero_workspace/TF_Termometro2/Core/API" -O0 -ffunction-sections -fdata-sections -Wall -fstack-usage -fcyclomatic-complexity -MMD -MP -MF"Core/Src/main.d" -MT"Core/Src/main.o" --specs=nano.specs -mfpu=fpv4-sp-d16 -mfloat-abi=hard -mthumb -o "Core/Src/main.o"
arm-none-eabi-gcc "../Core/API/Src/BM280.c" -mcpu=cortex-m4 -std=gnu11 -g3 -DDEBUG -DUSE_HAL_DRIVER -DSTM32F429xx -c -I../Core/Inc -I../Drivers/STM32F4xx_HAL_Driver/Inc -I../Drivers/STM32F4xx_HAL_Driver/Inc/Legacy -I../Drivers/CMSIS/Device/ST/STM32F4xx/Include -I../Drivers/CMSIS/Include -I"/home/rome/STM32CubeIDE/workspace_1.12.1/RaulRomero_workspace/TF_Termometro2/Core/API/Inc" -I"/home/rome/STM32CubeIDE/workspace_1.12.1/RaulRomero_workspace/TF_Termometro2/Core/API" -O0 -ffunction-sections -fdata-sections -Wall -fstack-usage -fcyclomatic-complexity -MMD -MP -MF"Core/API/Src/BM280.d" -MT"Core/API/Src/BM280.o" --specs=nano.specs -mfpu=fpv4-sp-d16 -mfloat-abi=hard -mthumb -o "Core/API/Src/BM280.o"
arm-none-eabi-gcc "../Core/API/Src/FSM_termometro.c" -mcpu=cortex-m4 -std=gnu11 -g3 -DDEBUG -DUSE_HAL_DRIVER -DSTM32F429xx -c -I../Core/Inc -I../Drivers/STM32F4xx_HAL_Driver/Inc -I../Drivers/STM32F4xx_HAL_Driver/Inc/Legacy -I../Drivers/CMSIS/Device/ST/STM32F4xx/Include -I../Drivers/CMSIS/Include -I"/home/rome/STM32CubeIDE/workspace_1.12.1/RaulRomero_workspace/TF_Termometro2/Core/API/Inc" -I"/home/rome/STM32CubeIDE/workspace_1.12.1/RaulRomero_workspace/TF_Termometro2/Core/API" -O0 -ffunction-sections -fdata-sections -Wall -fstack-usage -fcyclomatic-complexity -MMD -MP -MF"Core/API/Src/FSM_termometro.d" -MT"Core/API/Src/FSM_termometro.o" --specs=nano.specs -mfpu=fpv4-sp-d16 -mfloat-abi=hard -mthumb -o "Core/API/Src/FSM_termometro.o"
In file included from /home/rome/STM32CubeIDE/workspace_1.12.1/RaulRomero_workspace/TF_Termometro2/Core/API/Inc/FSM_termometro.h:11,
                 from ../Core/Src/main.c:24:
../Core/Inc/termometroConfig.h:23:27: warning: 'huart3' defined but not used [-Wunused-variable]
   23 | static UART_HandleTypeDef huart3;
      |                           ^~~~~~
../Core/Inc/termometroConfig.h:22:27: warning: 'hi2c2' defined but not used [-Wunused-variable]
   22 | static I2C_HandleTypeDef  hi2c2;
      |                           ^~~~~
../Core/Inc/termometroConfig.h:21:27: warning: 'hspi1' defined but not used [-Wunused-variable]
   21 | static SPI_HandleTypeDef  hspi1;
      |                           ^~~~~
../Core/API/Src/BM280.c: In function 'BMP280_Read8':
../Core/API/Src/BM280.c:35:2: warning: implicit declaration of function 'BMP280_SPI_TransmitReceive'; did you mean 'HAL_SPI_TransmitReceive'? [-Wimplicit-function-declaration]
   35 |  BMP280_SPI_TransmitReceive(tmp,BMP280_SIZE_8,BMP280_TIMEOUT);
      |  ^~~~~~~~~~~~~~~~~~~~~~~~~~
      |  HAL_SPI_TransmitReceive
arm-none-eabi-gcc -o "TF_Termometro2.elf" @"objects.list"   -mcpu=cortex-m4 -T"/home/rome/STM32CubeIDE/workspace_1.12.1/RaulRomero_workspace/TF_Termometro2/STM32F429ZITX_FLASH.ld" --specs=nosys.specs -Wl,-Map="TF_Termometro2.map" -Wl,--gc-sections -static --specs=nano.specs -mfpu=fpv4-sp-d16 -mfloat-abi=hard -mthumb -u _printf_float -Wl,--start-group -lc -lm -Wl,--end-group
Finished building target: TF_Termometro2.elf
 
arm-none-eabi-size   TF_Termometro2.elf 
arm-none-eabi-objdump -h -S  TF_Termometro2.elf  > "TF_Termometro2.list"
   text	   data	    bss	    dec	    hex	filename
  31044	    488	   2096	  33628	   835c	TF_Termometro2.elf
Finished building: default.size.stdout
 
Finished building: TF_Termometro2.list
 
10:56:24 **** Incremental Build of configuration Debug for project TF_Termometro2 ****
make -j4 all 
arm-none-eabi-gcc "../Core/API/Src/BM280.c" -mcpu=cortex-m4 -std=gnu11 -g3 -DDEBUG -DUSE_HAL_DRIVER -DSTM32F429xx -c -I../Core/Inc -I../Drivers/STM32F4xx_HAL_Driver/Inc -I../Drivers/STM32F4xx_HAL_Driver/Inc/Legacy -I../Drivers/CMSIS/Device/ST/STM32F4xx/Include -I../Drivers/CMSIS/Include -I"/home/rome/STM32CubeIDE/workspace_1.12.1/RaulRomero_workspace/TF_Termometro2/Core/API/Inc" -I"/home/rome/STM32CubeIDE/workspace_1.12.1/RaulRomero_workspace/TF_Termometro2/Core/API" -O0 -ffunction-sections -fdata-sections -Wall -fstack-usage -fcyclomatic-complexity -MMD -MP -MF"Core/API/Src/BM280.d" -MT"Core/API/Src/BM280.o" --specs=nano.specs -mfpu=fpv4-sp-d16 -mfloat-abi=hard -mthumb -o "Core/API/Src/BM280.o"
../Core/API/Src/BM280.c: In function 'BMP280_Read8':
../Core/API/Src/BM280.c:35:2: warning: implicit declaration of function 'BMP280_SPI_TransmitReceive'; did you mean 'HAL_SPI_TransmitReceive'? [-Wimplicit-function-declaration]
   35 |  BMP280_SPI_TransmitReceive(tmp,BMP280_SIZE_8,BMP280_TIMEOUT);
      |  ^~~~~~~~~~~~~~~~~~~~~~~~~~
      |  HAL_SPI_TransmitReceive
arm-none-eabi-gcc -o "TF_Termometro2.elf" @"objects.list"   -mcpu=cortex-m4 -T"/home/rome/STM32CubeIDE/workspace_1.12.1/RaulRomero_workspace/TF_Termometro2/STM32F429ZITX_FLASH.ld" --specs=nosys.specs -Wl,-Map="TF_Termometro2.map" -Wl,--gc-sections -static --specs=nano.specs -mfpu=fpv4-sp-d16 -mfloat-abi=hard -mthumb -u _printf_float -Wl,--start-group -lc -lm -Wl,--end-group
Finished building target: TF_Termometro2.elf
 
arm-none-eabi-size   TF_Termometro2.elf 
arm-none-eabi-objdump -h -S  TF_Termometro2.elf  > "TF_Termometro2.list"
   text	   data	    bss	    dec	    hex	filename
  31044	    488	   2096	  33628	   835c	TF_Termometro2.elf
Finished building: default.size.stdout
 
Finished building: TF_Termometro2.list
 
11:00:22 **** Incremental Build of configuration Debug for project TF_Termometro2 ****
make -j4 all 
arm-none-eabi-gcc "../Core/Src/main.c" -mcpu=cortex-m4 -std=gnu11 -g3 -DDEBUG -DUSE_HAL_DRIVER -DSTM32F429xx -c -I../Core/Inc -I../Drivers/STM32F4xx_HAL_Driver/Inc -I../Drivers/STM32F4xx_HAL_Driver/Inc/Legacy -I../Drivers/CMSIS/Device/ST/STM32F4xx/Include -I../Drivers/CMSIS/Include -I"/home/rome/STM32CubeIDE/workspace_1.12.1/RaulRomero_workspace/TF_Termometro2/Core/API/Inc" -I"/home/rome/STM32CubeIDE/workspace_1.12.1/RaulRomero_workspace/TF_Termometro2/Core/API" -O0 -ffunction-sections -fdata-sections -Wall -fstack-usage -fcyclomatic-complexity -MMD -MP -MF"Core/Src/main.d" -MT"Core/Src/main.o" --specs=nano.specs -mfpu=fpv4-sp-d16 -mfloat-abi=hard -mthumb -o "Core/Src/main.o"
arm-none-eabi-gcc "../Core/API/Src/BM280.c" -mcpu=cortex-m4 -std=gnu11 -g3 -DDEBUG -DUSE_HAL_DRIVER -DSTM32F429xx -c -I../Core/Inc -I../Drivers/STM32F4xx_HAL_Driver/Inc -I../Drivers/STM32F4xx_HAL_Driver/Inc/Legacy -I../Drivers/CMSIS/Device/ST/STM32F4xx/Include -I../Drivers/CMSIS/Include -I"/home/rome/STM32CubeIDE/workspace_1.12.1/RaulRomero_workspace/TF_Termometro2/Core/API/Inc" -I"/home/rome/STM32CubeIDE/workspace_1.12.1/RaulRomero_workspace/TF_Termometro2/Core/API" -O0 -ffunction-sections -fdata-sections -Wall -fstack-usage -fcyclomatic-complexity -MMD -MP -MF"Core/API/Src/BM280.d" -MT"Core/API/Src/BM280.o" --specs=nano.specs -mfpu=fpv4-sp-d16 -mfloat-abi=hard -mthumb -o "Core/API/Src/BM280.o"
arm-none-eabi-gcc "../Core/API/Src/FSM_termometro.c" -mcpu=cortex-m4 -std=gnu11 -g3 -DDEBUG -DUSE_HAL_DRIVER -DSTM32F429xx -c -I../Core/Inc -I../Drivers/STM32F4xx_HAL_Driver/Inc -I../Drivers/STM32F4xx_HAL_Driver/Inc/Legacy -I../Drivers/CMSIS/Device/ST/STM32F4xx/Include -I../Drivers/CMSIS/Include -I"/home/rome/STM32CubeIDE/workspace_1.12.1/RaulRomero_workspace/TF_Termometro2/Core/API/Inc" -I"/home/rome/STM32CubeIDE/workspace_1.12.1/RaulRomero_workspace/TF_Termometro2/Core/API" -O0 -ffunction-sections -fdata-sections -Wall -fstack-usage -fcyclomatic-complexity -MMD -MP -MF"Core/API/Src/FSM_termometro.d" -MT"Core/API/Src/FSM_termometro.o" --specs=nano.specs -mfpu=fpv4-sp-d16 -mfloat-abi=hard -mthumb -o "Core/API/Src/FSM_termometro.o"
In file included from /home/rome/STM32CubeIDE/workspace_1.12.1/RaulRomero_workspace/TF_Termometro2/Core/API/Inc/FSM_termometro.h:11,
                 from ../Core/Src/main.c:24:
../Core/Inc/termometroConfig.h:23:27: warning: 'huart3' defined but not used [-Wunused-variable]
   23 | static UART_HandleTypeDef huart3;
      |                           ^~~~~~
../Core/Inc/termometroConfig.h:22:27: warning: 'hi2c2' defined but not used [-Wunused-variable]
   22 | static I2C_HandleTypeDef  hi2c2;
      |                           ^~~~~
../Core/Inc/termometroConfig.h:21:27: warning: 'hspi1' defined but not used [-Wunused-variable]
   21 | static SPI_HandleTypeDef  hspi1;
      |                           ^~~~~
../Core/API/Src/BM280.c: In function 'BMP280_Read8':
../Core/API/Src/BM280.c:35:2: warning: implicit declaration of function 'BMP280_SPI_TransmitReceive'; did you mean 'HAL_SPI_TransmitReceive'? [-Wimplicit-function-declaration]
   35 |  BMP280_SPI_TransmitReceive(tmp,BMP280_SIZE_8,BMP280_TIMEOUT);
      |  ^~~~~~~~~~~~~~~~~~~~~~~~~~
      |  HAL_SPI_TransmitReceive
arm-none-eabi-gcc -o "TF_Termometro2.elf" @"objects.list"   -mcpu=cortex-m4 -T"/home/rome/STM32CubeIDE/workspace_1.12.1/RaulRomero_workspace/TF_Termometro2/STM32F429ZITX_FLASH.ld" --specs=nosys.specs -Wl,-Map="TF_Termometro2.map" -Wl,--gc-sections -static --specs=nano.specs -mfpu=fpv4-sp-d16 -mfloat-abi=hard -mthumb -u _printf_float -Wl,--start-group -lc -lm -Wl,--end-group
Finished building target: TF_Termometro2.elf
 
arm-none-eabi-size   TF_Termometro2.elf 
arm-none-eabi-objdump -h -S  TF_Termometro2.elf  > "TF_Termometro2.list"
   text	   data	    bss	    dec	    hex	filename
  31044	    488	   2096	  33628	   835c	TF_Termometro2.elf
Finished building: default.size.stdout
 
Finished building: TF_Termometro2.list
 
11:01:59 **** Incremental Build of configuration Debug for project TF_Termometro2 ****
make -j4 all 
arm-none-eabi-gcc "../Core/API/Src/BM280.c" -mcpu=cortex-m4 -std=gnu11 -g3 -DDEBUG -DUSE_HAL_DRIVER -DSTM32F429xx -c -I../Core/Inc -I../Drivers/STM32F4xx_HAL_Driver/Inc -I../Drivers/STM32F4xx_HAL_Driver/Inc/Legacy -I../Drivers/CMSIS/Device/ST/STM32F4xx/Include -I../Drivers/CMSIS/Include -I"/home/rome/STM32CubeIDE/workspace_1.12.1/RaulRomero_workspace/TF_Termometro2/Core/API/Inc" -I"/home/rome/STM32CubeIDE/workspace_1.12.1/RaulRomero_workspace/TF_Termometro2/Core/API" -O0 -ffunction-sections -fdata-sections -Wall -fstack-usage -fcyclomatic-complexity -MMD -MP -MF"Core/API/Src/BM280.d" -MT"Core/API/Src/BM280.o" --specs=nano.specs -mfpu=fpv4-sp-d16 -mfloat-abi=hard -mthumb -o "Core/API/Src/BM280.o"
../Core/API/Src/BM280.c: In function 'BMP280_Read8':
../Core/API/Src/BM280.c:35:2: warning: implicit declaration of function 'BMP280_SPI_TransmitReceive'; did you mean 'HAL_SPI_TransmitReceive'? [-Wimplicit-function-declaration]
   35 |  BMP280_SPI_TransmitReceive(tmp,BMP280_SIZE_8,BMP280_TIMEOUT);
      |  ^~~~~~~~~~~~~~~~~~~~~~~~~~
      |  HAL_SPI_TransmitReceive
arm-none-eabi-gcc -o "TF_Termometro2.elf" @"objects.list"   -mcpu=cortex-m4 -T"/home/rome/STM32CubeIDE/workspace_1.12.1/RaulRomero_workspace/TF_Termometro2/STM32F429ZITX_FLASH.ld" --specs=nosys.specs -Wl,-Map="TF_Termometro2.map" -Wl,--gc-sections -static --specs=nano.specs -mfpu=fpv4-sp-d16 -mfloat-abi=hard -mthumb -u _printf_float -Wl,--start-group -lc -lm -Wl,--end-group
Finished building target: TF_Termometro2.elf
 
arm-none-eabi-size   TF_Termometro2.elf 
arm-none-eabi-objdump -h -S  TF_Termometro2.elf  > "TF_Termometro2.list"
   text	   data	    bss	    dec	    hex	filename
  31052	    488	   2096	  33636	   8364	TF_Termometro2.elf
Finished building: default.size.stdout
 
Finished building: TF_Termometro2.list
 
11:03:07 **** Incremental Build of configuration Debug for project TF_Termometro2 ****
make -j4 all 
arm-none-eabi-gcc "../Core/Src/main.c" -mcpu=cortex-m4 -std=gnu11 -g3 -DDEBUG -DUSE_HAL_DRIVER -DSTM32F429xx -c -I../Core/Inc -I../Drivers/STM32F4xx_HAL_Driver/Inc -I../Drivers/STM32F4xx_HAL_Driver/Inc/Legacy -I../Drivers/CMSIS/Device/ST/STM32F4xx/Include -I../Drivers/CMSIS/Include -I"/home/rome/STM32CubeIDE/workspace_1.12.1/RaulRomero_workspace/TF_Termometro2/Core/API/Inc" -I"/home/rome/STM32CubeIDE/workspace_1.12.1/RaulRomero_workspace/TF_Termometro2/Core/API" -O0 -ffunction-sections -fdata-sections -Wall -fstack-usage -fcyclomatic-complexity -MMD -MP -MF"Core/Src/main.d" -MT"Core/Src/main.o" --specs=nano.specs -mfpu=fpv4-sp-d16 -mfloat-abi=hard -mthumb -o "Core/Src/main.o"
arm-none-eabi-gcc "../Core/API/Src/BM280.c" -mcpu=cortex-m4 -std=gnu11 -g3 -DDEBUG -DUSE_HAL_DRIVER -DSTM32F429xx -c -I../Core/Inc -I../Drivers/STM32F4xx_HAL_Driver/Inc -I../Drivers/STM32F4xx_HAL_Driver/Inc/Legacy -I../Drivers/CMSIS/Device/ST/STM32F4xx/Include -I../Drivers/CMSIS/Include -I"/home/rome/STM32CubeIDE/workspace_1.12.1/RaulRomero_workspace/TF_Termometro2/Core/API/Inc" -I"/home/rome/STM32CubeIDE/workspace_1.12.1/RaulRomero_workspace/TF_Termometro2/Core/API" -O0 -ffunction-sections -fdata-sections -Wall -fstack-usage -fcyclomatic-complexity -MMD -MP -MF"Core/API/Src/BM280.d" -MT"Core/API/Src/BM280.o" --specs=nano.specs -mfpu=fpv4-sp-d16 -mfloat-abi=hard -mthumb -o "Core/API/Src/BM280.o"
arm-none-eabi-gcc "../Core/API/Src/FSM_termometro.c" -mcpu=cortex-m4 -std=gnu11 -g3 -DDEBUG -DUSE_HAL_DRIVER -DSTM32F429xx -c -I../Core/Inc -I../Drivers/STM32F4xx_HAL_Driver/Inc -I../Drivers/STM32F4xx_HAL_Driver/Inc/Legacy -I../Drivers/CMSIS/Device/ST/STM32F4xx/Include -I../Drivers/CMSIS/Include -I"/home/rome/STM32CubeIDE/workspace_1.12.1/RaulRomero_workspace/TF_Termometro2/Core/API/Inc" -I"/home/rome/STM32CubeIDE/workspace_1.12.1/RaulRomero_workspace/TF_Termometro2/Core/API" -O0 -ffunction-sections -fdata-sections -Wall -fstack-usage -fcyclomatic-complexity -MMD -MP -MF"Core/API/Src/FSM_termometro.d" -MT"Core/API/Src/FSM_termometro.o" --specs=nano.specs -mfpu=fpv4-sp-d16 -mfloat-abi=hard -mthumb -o "Core/API/Src/FSM_termometro.o"
In file included from /home/rome/STM32CubeIDE/workspace_1.12.1/RaulRomero_workspace/TF_Termometro2/Core/API/Inc/FSM_termometro.h:11,
                 from ../Core/Src/main.c:24:
../Core/Inc/termometroConfig.h:23:27: warning: 'huart3' defined but not used [-Wunused-variable]
   23 | static UART_HandleTypeDef huart3;
      |                           ^~~~~~
../Core/Inc/termometroConfig.h:22:27: warning: 'hi2c2' defined but not used [-Wunused-variable]
   22 | static I2C_HandleTypeDef  hi2c2;
      |                           ^~~~~
../Core/Inc/termometroConfig.h:21:27: warning: 'hspi1' defined but not used [-Wunused-variable]
   21 | static SPI_HandleTypeDef  hspi1;
      |                           ^~~~~
../Core/API/Src/BM280.c: In function 'BMP280_Read8':
../Core/API/Src/BM280.c:35:2: warning: implicit declaration of function 'BMP280_SPI_TransmitReceive'; did you mean 'HAL_SPI_TransmitReceive'? [-Wimplicit-function-declaration]
   35 |  BMP280_SPI_TransmitReceive(tmp,BMP280_SIZE_8,BMP280_TIMEOUT);
      |  ^~~~~~~~~~~~~~~~~~~~~~~~~~
      |  HAL_SPI_TransmitReceive
../Core/API/Src/BM280.c: In function 'BMP280_Init':
../Core/API/Src/BM280.c:90:13: warning: unused variable 'var' [-Wunused-variable]
   90 |     uint8_t var=0x58;
      |             ^~~
arm-none-eabi-gcc -o "TF_Termometro2.elf" @"objects.list"   -mcpu=cortex-m4 -T"/home/rome/STM32CubeIDE/workspace_1.12.1/RaulRomero_workspace/TF_Termometro2/STM32F429ZITX_FLASH.ld" --specs=nosys.specs -Wl,-Map="TF_Termometro2.map" -Wl,--gc-sections -static --specs=nano.specs -mfpu=fpv4-sp-d16 -mfloat-abi=hard -mthumb -u _printf_float -Wl,--start-group -lc -lm -Wl,--end-group
Finished building target: TF_Termometro2.elf
 
arm-none-eabi-size   TF_Termometro2.elf 
arm-none-eabi-objdump -h -S  TF_Termometro2.elf  > "TF_Termometro2.list"
   text	   data	    bss	    dec	    hex	filename
  31052	    488	   2096	  33636	   8364	TF_Termometro2.elf
Finished building: default.size.stdout
 
Finished building: TF_Termometro2.list
 
11:07:40 **** Incremental Build of configuration Debug for project TF_Termometro2 ****
make -j4 all 
arm-none-eabi-gcc "../Core/API/Src/BM280.c" -mcpu=cortex-m4 -std=gnu11 -g3 -DDEBUG -DUSE_HAL_DRIVER -DSTM32F429xx -c -I../Core/Inc -I../Drivers/STM32F4xx_HAL_Driver/Inc -I../Drivers/STM32F4xx_HAL_Driver/Inc/Legacy -I../Drivers/CMSIS/Device/ST/STM32F4xx/Include -I../Drivers/CMSIS/Include -I"/home/rome/STM32CubeIDE/workspace_1.12.1/RaulRomero_workspace/TF_Termometro2/Core/API/Inc" -I"/home/rome/STM32CubeIDE/workspace_1.12.1/RaulRomero_workspace/TF_Termometro2/Core/API" -O0 -ffunction-sections -fdata-sections -Wall -fstack-usage -fcyclomatic-complexity -MMD -MP -MF"Core/API/Src/BM280.d" -MT"Core/API/Src/BM280.o" --specs=nano.specs -mfpu=fpv4-sp-d16 -mfloat-abi=hard -mthumb -o "Core/API/Src/BM280.o"
../Core/API/Src/BM280.c: In function 'BMP280_Read8':
../Core/API/Src/BM280.c:35:2: warning: implicit declaration of function 'BMP280_SPI_TransmitReceive'; did you mean 'HAL_SPI_TransmitReceive'? [-Wimplicit-function-declaration]
   35 |  BMP280_SPI_TransmitReceive(tmp,BMP280_SIZE_8,BMP280_TIMEOUT);
      |  ^~~~~~~~~~~~~~~~~~~~~~~~~~
      |  HAL_SPI_TransmitReceive
arm-none-eabi-gcc -o "TF_Termometro2.elf" @"objects.list"   -mcpu=cortex-m4 -T"/home/rome/STM32CubeIDE/workspace_1.12.1/RaulRomero_workspace/TF_Termometro2/STM32F429ZITX_FLASH.ld" --specs=nosys.specs -Wl,-Map="TF_Termometro2.map" -Wl,--gc-sections -static --specs=nano.specs -mfpu=fpv4-sp-d16 -mfloat-abi=hard -mthumb -u _printf_float -Wl,--start-group -lc -lm -Wl,--end-group
Finished building target: TF_Termometro2.elf
 
arm-none-eabi-size   TF_Termometro2.elf 
arm-none-eabi-objdump -h -S  TF_Termometro2.elf  > "TF_Termometro2.list"
   text	   data	    bss	    dec	    hex	filename
  31044	    488	   2096	  33628	   835c	TF_Termometro2.elf
Finished building: default.size.stdout
 
Finished building: TF_Termometro2.list
 
11:12:25 **** Incremental Build of configuration Debug for project TF_Termometro2 ****
make -j4 all 
arm-none-eabi-gcc "../Core/API/Src/BM280.c" -mcpu=cortex-m4 -std=gnu11 -g3 -DDEBUG -DUSE_HAL_DRIVER -DSTM32F429xx -c -I../Core/Inc -I../Drivers/STM32F4xx_HAL_Driver/Inc -I../Drivers/STM32F4xx_HAL_Driver/Inc/Legacy -I../Drivers/CMSIS/Device/ST/STM32F4xx/Include -I../Drivers/CMSIS/Include -I"/home/rome/STM32CubeIDE/workspace_1.12.1/RaulRomero_workspace/TF_Termometro2/Core/API/Inc" -I"/home/rome/STM32CubeIDE/workspace_1.12.1/RaulRomero_workspace/TF_Termometro2/Core/API" -O0 -ffunction-sections -fdata-sections -Wall -fstack-usage -fcyclomatic-complexity -MMD -MP -MF"Core/API/Src/BM280.d" -MT"Core/API/Src/BM280.o" --specs=nano.specs -mfpu=fpv4-sp-d16 -mfloat-abi=hard -mthumb -o "Core/API/Src/BM280.o"
../Core/API/Src/BM280.c: In function 'BMP280_Read8':
../Core/API/Src/BM280.c:35:2: warning: implicit declaration of function 'BMP280_SPI_TransmitReceive'; did you mean 'HAL_SPI_TransmitReceive'? [-Wimplicit-function-declaration]
   35 |  BMP280_SPI_TransmitReceive(tmp,BMP280_SIZE_8,BMP280_TIMEOUT);
      |  ^~~~~~~~~~~~~~~~~~~~~~~~~~
      |  HAL_SPI_TransmitReceive
../Core/API/Src/BM280.c: In function 'BMP280_Init':
../Core/API/Src/BM280.c:78:9: error: expected identifier or '(' before '=' token
   78 |  uint8_t=id;
      |         ^
../Core/API/Src/BM280.c:95:3: error: 'id' undeclared (first use in this function); did you mean 'i'?
   95 |   id=BMP280_Read8(BMP280_CHIPID);
      |   ^~
      |   i
../Core/API/Src/BM280.c:95:3: note: each undeclared identifier is reported only once for each function it appears in
../Core/API/Src/BM280.c:77:10: warning: variable 'ret' set but not used [-Wunused-but-set-variable]
   77 |  uint8_t ret;
      |          ^~~
make: *** [Core/API/Src/subdir.mk:28: Core/API/Src/BM280.o] Error 1
"make -j4 all" terminated with exit code 2. Build might be incomplete.
11:12:49 **** Incremental Build of configuration Debug for project TF_Termometro2 ****
make -j4 all 
arm-none-eabi-gcc "../Core/API/Src/BM280.c" -mcpu=cortex-m4 -std=gnu11 -g3 -DDEBUG -DUSE_HAL_DRIVER -DSTM32F429xx -c -I../Core/Inc -I../Drivers/STM32F4xx_HAL_Driver/Inc -I../Drivers/STM32F4xx_HAL_Driver/Inc/Legacy -I../Drivers/CMSIS/Device/ST/STM32F4xx/Include -I../Drivers/CMSIS/Include -I"/home/rome/STM32CubeIDE/workspace_1.12.1/RaulRomero_workspace/TF_Termometro2/Core/API/Inc" -I"/home/rome/STM32CubeIDE/workspace_1.12.1/RaulRomero_workspace/TF_Termometro2/Core/API" -O0 -ffunction-sections -fdata-sections -Wall -fstack-usage -fcyclomatic-complexity -MMD -MP -MF"Core/API/Src/BM280.d" -MT"Core/API/Src/BM280.o" --specs=nano.specs -mfpu=fpv4-sp-d16 -mfloat-abi=hard -mthumb -o "Core/API/Src/BM280.o"
../Core/API/Src/BM280.c: In function 'BMP280_Read8':
../Core/API/Src/BM280.c:35:2: warning: implicit declaration of function 'BMP280_SPI_TransmitReceive'; did you mean 'HAL_SPI_TransmitReceive'? [-Wimplicit-function-declaration]
   35 |  BMP280_SPI_TransmitReceive(tmp,BMP280_SIZE_8,BMP280_TIMEOUT);
      |  ^~~~~~~~~~~~~~~~~~~~~~~~~~
      |  HAL_SPI_TransmitReceive
../Core/API/Src/BM280.c: In function 'BMP280_Init':
../Core/API/Src/BM280.c:77:10: warning: variable 'ret' set but not used [-Wunused-but-set-variable]
   77 |  uint8_t ret;
      |          ^~~
arm-none-eabi-gcc -o "TF_Termometro2.elf" @"objects.list"   -mcpu=cortex-m4 -T"/home/rome/STM32CubeIDE/workspace_1.12.1/RaulRomero_workspace/TF_Termometro2/STM32F429ZITX_FLASH.ld" --specs=nosys.specs -Wl,-Map="TF_Termometro2.map" -Wl,--gc-sections -static --specs=nano.specs -mfpu=fpv4-sp-d16 -mfloat-abi=hard -mthumb -u _printf_float -Wl,--start-group -lc -lm -Wl,--end-group
Finished building target: TF_Termometro2.elf
 
arm-none-eabi-size   TF_Termometro2.elf 
arm-none-eabi-objdump -h -S  TF_Termometro2.elf  > "TF_Termometro2.list"
   text	   data	    bss	    dec	    hex	filename
  31076	    488	   2096	  33660	   837c	TF_Termometro2.elf
Finished building: default.size.stdout
 
Finished building: TF_Termometro2.list
 
11:14:52 **** Incremental Build of configuration Debug for project TF_Termometro2 ****
make -j4 all 
arm-none-eabi-gcc "../Core/Src/main.c" -mcpu=cortex-m4 -std=gnu11 -g3 -DDEBUG -DUSE_HAL_DRIVER -DSTM32F429xx -c -I../Core/Inc -I../Drivers/STM32F4xx_HAL_Driver/Inc -I../Drivers/STM32F4xx_HAL_Driver/Inc/Legacy -I../Drivers/CMSIS/Device/ST/STM32F4xx/Include -I../Drivers/CMSIS/Include -I"/home/rome/STM32CubeIDE/workspace_1.12.1/RaulRomero_workspace/TF_Termometro2/Core/API/Inc" -I"/home/rome/STM32CubeIDE/workspace_1.12.1/RaulRomero_workspace/TF_Termometro2/Core/API" -O0 -ffunction-sections -fdata-sections -Wall -fstack-usage -fcyclomatic-complexity -MMD -MP -MF"Core/Src/main.d" -MT"Core/Src/main.o" --specs=nano.specs -mfpu=fpv4-sp-d16 -mfloat-abi=hard -mthumb -o "Core/Src/main.o"
arm-none-eabi-gcc "../Core/API/Src/BM280.c" -mcpu=cortex-m4 -std=gnu11 -g3 -DDEBUG -DUSE_HAL_DRIVER -DSTM32F429xx -c -I../Core/Inc -I../Drivers/STM32F4xx_HAL_Driver/Inc -I../Drivers/STM32F4xx_HAL_Driver/Inc/Legacy -I../Drivers/CMSIS/Device/ST/STM32F4xx/Include -I../Drivers/CMSIS/Include -I"/home/rome/STM32CubeIDE/workspace_1.12.1/RaulRomero_workspace/TF_Termometro2/Core/API/Inc" -I"/home/rome/STM32CubeIDE/workspace_1.12.1/RaulRomero_workspace/TF_Termometro2/Core/API" -O0 -ffunction-sections -fdata-sections -Wall -fstack-usage -fcyclomatic-complexity -MMD -MP -MF"Core/API/Src/BM280.d" -MT"Core/API/Src/BM280.o" --specs=nano.specs -mfpu=fpv4-sp-d16 -mfloat-abi=hard -mthumb -o "Core/API/Src/BM280.o"
arm-none-eabi-gcc "../Core/API/Src/FSM_termometro.c" -mcpu=cortex-m4 -std=gnu11 -g3 -DDEBUG -DUSE_HAL_DRIVER -DSTM32F429xx -c -I../Core/Inc -I../Drivers/STM32F4xx_HAL_Driver/Inc -I../Drivers/STM32F4xx_HAL_Driver/Inc/Legacy -I../Drivers/CMSIS/Device/ST/STM32F4xx/Include -I../Drivers/CMSIS/Include -I"/home/rome/STM32CubeIDE/workspace_1.12.1/RaulRomero_workspace/TF_Termometro2/Core/API/Inc" -I"/home/rome/STM32CubeIDE/workspace_1.12.1/RaulRomero_workspace/TF_Termometro2/Core/API" -O0 -ffunction-sections -fdata-sections -Wall -fstack-usage -fcyclomatic-complexity -MMD -MP -MF"Core/API/Src/FSM_termometro.d" -MT"Core/API/Src/FSM_termometro.o" --specs=nano.specs -mfpu=fpv4-sp-d16 -mfloat-abi=hard -mthumb -o "Core/API/Src/FSM_termometro.o"
In file included from /home/rome/STM32CubeIDE/workspace_1.12.1/RaulRomero_workspace/TF_Termometro2/Core/API/Inc/FSM_termometro.h:11,
                 from ../Core/Src/main.c:24:
../Core/Inc/termometroConfig.h:23:27: warning: 'huart3' defined but not used [-Wunused-variable]
   23 | static UART_HandleTypeDef huart3;
      |                           ^~~~~~
../Core/Inc/termometroConfig.h:22:27: warning: 'hi2c2' defined but not used [-Wunused-variable]
   22 | static I2C_HandleTypeDef  hi2c2;
      |                           ^~~~~
../Core/Inc/termometroConfig.h:21:27: warning: 'hspi1' defined but not used [-Wunused-variable]
   21 | static SPI_HandleTypeDef  hspi1;
      |                           ^~~~~
../Core/API/Src/BM280.c: In function 'BMP280_Read8':
../Core/API/Src/BM280.c:35:2: warning: implicit declaration of function 'BMP280_SPI_TransmitReceive'; did you mean 'HAL_SPI_TransmitReceive'? [-Wimplicit-function-declaration]
   35 |  BMP280_SPI_TransmitReceive(tmp,BMP280_SIZE_8,BMP280_TIMEOUT);
      |  ^~~~~~~~~~~~~~~~~~~~~~~~~~
      |  HAL_SPI_TransmitReceive
arm-none-eabi-gcc -o "TF_Termometro2.elf" @"objects.list"   -mcpu=cortex-m4 -T"/home/rome/STM32CubeIDE/workspace_1.12.1/RaulRomero_workspace/TF_Termometro2/STM32F429ZITX_FLASH.ld" --specs=nosys.specs -Wl,-Map="TF_Termometro2.map" -Wl,--gc-sections -static --specs=nano.specs -mfpu=fpv4-sp-d16 -mfloat-abi=hard -mthumb -u _printf_float -Wl,--start-group -lc -lm -Wl,--end-group
Finished building target: TF_Termometro2.elf
 
arm-none-eabi-size   TF_Termometro2.elf 
arm-none-eabi-objdump -h -S  TF_Termometro2.elf  > "TF_Termometro2.list"
   text	   data	    bss	    dec	    hex	filename
  31076	    488	   2096	  33660	   837c	TF_Termometro2.elf
Finished building: default.size.stdout
 
Finished building: TF_Termometro2.list
 
11:16:23 **** Incremental Build of configuration Debug for project TF_Termometro2 ****
make -j4 all 
arm-none-eabi-gcc "../Core/API/Src/BM280.c" -mcpu=cortex-m4 -std=gnu11 -g3 -DDEBUG -DUSE_HAL_DRIVER -DSTM32F429xx -c -I../Core/Inc -I../Drivers/STM32F4xx_HAL_Driver/Inc -I../Drivers/STM32F4xx_HAL_Driver/Inc/Legacy -I../Drivers/CMSIS/Device/ST/STM32F4xx/Include -I../Drivers/CMSIS/Include -I"/home/rome/STM32CubeIDE/workspace_1.12.1/RaulRomero_workspace/TF_Termometro2/Core/API/Inc" -I"/home/rome/STM32CubeIDE/workspace_1.12.1/RaulRomero_workspace/TF_Termometro2/Core/API" -O0 -ffunction-sections -fdata-sections -Wall -fstack-usage -fcyclomatic-complexity -MMD -MP -MF"Core/API/Src/BM280.d" -MT"Core/API/Src/BM280.o" --specs=nano.specs -mfpu=fpv4-sp-d16 -mfloat-abi=hard -mthumb -o "Core/API/Src/BM280.o"
arm-none-eabi-gcc "../Core/API/Src/FSM_termometro.c" -mcpu=cortex-m4 -std=gnu11 -g3 -DDEBUG -DUSE_HAL_DRIVER -DSTM32F429xx -c -I../Core/Inc -I../Drivers/STM32F4xx_HAL_Driver/Inc -I../Drivers/STM32F4xx_HAL_Driver/Inc/Legacy -I../Drivers/CMSIS/Device/ST/STM32F4xx/Include -I../Drivers/CMSIS/Include -I"/home/rome/STM32CubeIDE/workspace_1.12.1/RaulRomero_workspace/TF_Termometro2/Core/API/Inc" -I"/home/rome/STM32CubeIDE/workspace_1.12.1/RaulRomero_workspace/TF_Termometro2/Core/API" -O0 -ffunction-sections -fdata-sections -Wall -fstack-usage -fcyclomatic-complexity -MMD -MP -MF"Core/API/Src/FSM_termometro.d" -MT"Core/API/Src/FSM_termometro.o" --specs=nano.specs -mfpu=fpv4-sp-d16 -mfloat-abi=hard -mthumb -o "Core/API/Src/FSM_termometro.o"
../Core/API/Src/FSM_termometro.c: In function 'FSM_Termometro_Connect':
../Core/API/Src/FSM_termometro.c:56:3: warning: 'ret' is used uninitialized in this function [-Wuninitialized]
   56 |   printf("ret=%d\n",ret);
      |   ^~~~~~~~~~~~~~~~~~~~~~
../Core/API/Src/BM280.c: In function 'BMP280_Read8':
../Core/API/Src/BM280.c:35:2: warning: implicit declaration of function 'BMP280_SPI_TransmitReceive'; did you mean 'HAL_SPI_TransmitReceive'? [-Wimplicit-function-declaration]
   35 |  BMP280_SPI_TransmitReceive(tmp,BMP280_SIZE_8,BMP280_TIMEOUT);
      |  ^~~~~~~~~~~~~~~~~~~~~~~~~~
      |  HAL_SPI_TransmitReceive
arm-none-eabi-gcc -o "TF_Termometro2.elf" @"objects.list"   -mcpu=cortex-m4 -T"/home/rome/STM32CubeIDE/workspace_1.12.1/RaulRomero_workspace/TF_Termometro2/STM32F429ZITX_FLASH.ld" --specs=nosys.specs -Wl,-Map="TF_Termometro2.map" -Wl,--gc-sections -static --specs=nano.specs -mfpu=fpv4-sp-d16 -mfloat-abi=hard -mthumb -u _printf_float -Wl,--start-group -lc -lm -Wl,--end-group
Finished building target: TF_Termometro2.elf
 
arm-none-eabi-size   TF_Termometro2.elf 
arm-none-eabi-objdump -h -S  TF_Termometro2.elf  > "TF_Termometro2.list"
   text	   data	    bss	    dec	    hex	filename
  31108	    488	   2096	  33692	   839c	TF_Termometro2.elf
Finished building: default.size.stdout
 
Finished building: TF_Termometro2.list
 
11:21:17 **** Incremental Build of configuration Debug for project TF_Termometro2 ****
make -j4 all 
arm-none-eabi-gcc "../Core/API/Src/FSM_termometro.c" -mcpu=cortex-m4 -std=gnu11 -g3 -DDEBUG -DUSE_HAL_DRIVER -DSTM32F429xx -c -I../Core/Inc -I../Drivers/STM32F4xx_HAL_Driver/Inc -I../Drivers/STM32F4xx_HAL_Driver/Inc/Legacy -I../Drivers/CMSIS/Device/ST/STM32F4xx/Include -I../Drivers/CMSIS/Include -I"/home/rome/STM32CubeIDE/workspace_1.12.1/RaulRomero_workspace/TF_Termometro2/Core/API/Inc" -I"/home/rome/STM32CubeIDE/workspace_1.12.1/RaulRomero_workspace/TF_Termometro2/Core/API" -O0 -ffunction-sections -fdata-sections -Wall -fstack-usage -fcyclomatic-complexity -MMD -MP -MF"Core/API/Src/FSM_termometro.d" -MT"Core/API/Src/FSM_termometro.o" --specs=nano.specs -mfpu=fpv4-sp-d16 -mfloat-abi=hard -mthumb -o "Core/API/Src/FSM_termometro.o"
../Core/API/Src/FSM_termometro.c: In function 'FSM_Termometro_Update':
../Core/API/Src/FSM_termometro.c:117:13: error: 'error' undeclared (first use in this function); did you mean 'perror'?
  117 |             error=FSM_Termometro_Measure();
      |             ^~~~~
      |             perror
../Core/API/Src/FSM_termometro.c:117:13: note: each undeclared identifier is reported only once for each function it appears in
../Core/API/Src/FSM_termometro.c:118:16: error: 'errorMeasure' undeclared (first use in this function)
  118 |             if(errorMeasure==MEASURE_OK){
      |                ^~~~~~~~~~~~
make: *** [Core/API/Src/subdir.mk:28: Core/API/Src/FSM_termometro.o] Error 1
"make -j4 all" terminated with exit code 2. Build might be incomplete.
11:21:56 **** Incremental Build of configuration Debug for project TF_Termometro2 ****
make -j4 all 
arm-none-eabi-gcc "../Core/API/Src/FSM_termometro.c" -mcpu=cortex-m4 -std=gnu11 -g3 -DDEBUG -DUSE_HAL_DRIVER -DSTM32F429xx -c -I../Core/Inc -I../Drivers/STM32F4xx_HAL_Driver/Inc -I../Drivers/STM32F4xx_HAL_Driver/Inc/Legacy -I../Drivers/CMSIS/Device/ST/STM32F4xx/Include -I../Drivers/CMSIS/Include -I"/home/rome/STM32CubeIDE/workspace_1.12.1/RaulRomero_workspace/TF_Termometro2/Core/API/Inc" -I"/home/rome/STM32CubeIDE/workspace_1.12.1/RaulRomero_workspace/TF_Termometro2/Core/API" -O0 -ffunction-sections -fdata-sections -Wall -fstack-usage -fcyclomatic-complexity -MMD -MP -MF"Core/API/Src/FSM_termometro.d" -MT"Core/API/Src/FSM_termometro.o" --specs=nano.specs -mfpu=fpv4-sp-d16 -mfloat-abi=hard -mthumb -o "Core/API/Src/FSM_termometro.o"
../Core/API/Src/FSM_termometro.c: In function 'FSM_Termometro_Update':
../Core/API/Src/FSM_termometro.c:117:13: error: 'errorMeasure' undeclared (first use in this function)
  117 |             errorMeasure=FSM_Termometro_Measure();
      |             ^~~~~~~~~~~~
../Core/API/Src/FSM_termometro.c:117:13: note: each undeclared identifier is reported only once for each function it appears in
make: *** [Core/API/Src/subdir.mk:28: Core/API/Src/FSM_termometro.o] Error 1
"make -j4 all" terminated with exit code 2. Build might be incomplete.
11:22:28 **** Incremental Build of configuration Debug for project TF_Termometro2 ****
make -j4 all 
arm-none-eabi-gcc "../Core/API/Src/FSM_termometro.c" -mcpu=cortex-m4 -std=gnu11 -g3 -DDEBUG -DUSE_HAL_DRIVER -DSTM32F429xx -c -I../Core/Inc -I../Drivers/STM32F4xx_HAL_Driver/Inc -I../Drivers/STM32F4xx_HAL_Driver/Inc/Legacy -I../Drivers/CMSIS/Device/ST/STM32F4xx/Include -I../Drivers/CMSIS/Include -I"/home/rome/STM32CubeIDE/workspace_1.12.1/RaulRomero_workspace/TF_Termometro2/Core/API/Inc" -I"/home/rome/STM32CubeIDE/workspace_1.12.1/RaulRomero_workspace/TF_Termometro2/Core/API" -O0 -ffunction-sections -fdata-sections -Wall -fstack-usage -fcyclomatic-complexity -MMD -MP -MF"Core/API/Src/FSM_termometro.d" -MT"Core/API/Src/FSM_termometro.o" --specs=nano.specs -mfpu=fpv4-sp-d16 -mfloat-abi=hard -mthumb -o "Core/API/Src/FSM_termometro.o"
arm-none-eabi-gcc -o "TF_Termometro2.elf" @"objects.list"   -mcpu=cortex-m4 -T"/home/rome/STM32CubeIDE/workspace_1.12.1/RaulRomero_workspace/TF_Termometro2/STM32F429ZITX_FLASH.ld" --specs=nosys.specs -Wl,-Map="TF_Termometro2.map" -Wl,--gc-sections -static --specs=nano.specs -mfpu=fpv4-sp-d16 -mfloat-abi=hard -mthumb -u _printf_float -Wl,--start-group -lc -lm -Wl,--end-group
Finished building target: TF_Termometro2.elf
 
arm-none-eabi-size   TF_Termometro2.elf 
arm-none-eabi-objdump -h -S  TF_Termometro2.elf  > "TF_Termometro2.list"
   text	   data	    bss	    dec	    hex	filename
  31140	    488	   2096	  33724	   83bc	TF_Termometro2.elf
Finished building: default.size.stdout
 
Finished building: TF_Termometro2.list
 
11:29:56 **** Incremental Build of configuration Debug for project TF_Termometro2 ****
make -j4 all 
arm-none-eabi-gcc "../Core/Src/main.c" -mcpu=cortex-m4 -std=gnu11 -g3 -DDEBUG -DUSE_HAL_DRIVER -DSTM32F429xx -c -I../Core/Inc -I../Drivers/STM32F4xx_HAL_Driver/Inc -I../Drivers/STM32F4xx_HAL_Driver/Inc/Legacy -I../Drivers/CMSIS/Device/ST/STM32F4xx/Include -I../Drivers/CMSIS/Include -I"/home/rome/STM32CubeIDE/workspace_1.12.1/RaulRomero_workspace/TF_Termometro2/Core/API/Inc" -I"/home/rome/STM32CubeIDE/workspace_1.12.1/RaulRomero_workspace/TF_Termometro2/Core/API" -O0 -ffunction-sections -fdata-sections -Wall -fstack-usage -fcyclomatic-complexity -MMD -MP -MF"Core/Src/main.d" -MT"Core/Src/main.o" --specs=nano.specs -mfpu=fpv4-sp-d16 -mfloat-abi=hard -mthumb -o "Core/Src/main.o"
arm-none-eabi-gcc "../Core/API/Src/BM280.c" -mcpu=cortex-m4 -std=gnu11 -g3 -DDEBUG -DUSE_HAL_DRIVER -DSTM32F429xx -c -I../Core/Inc -I../Drivers/STM32F4xx_HAL_Driver/Inc -I../Drivers/STM32F4xx_HAL_Driver/Inc/Legacy -I../Drivers/CMSIS/Device/ST/STM32F4xx/Include -I../Drivers/CMSIS/Include -I"/home/rome/STM32CubeIDE/workspace_1.12.1/RaulRomero_workspace/TF_Termometro2/Core/API/Inc" -I"/home/rome/STM32CubeIDE/workspace_1.12.1/RaulRomero_workspace/TF_Termometro2/Core/API" -O0 -ffunction-sections -fdata-sections -Wall -fstack-usage -fcyclomatic-complexity -MMD -MP -MF"Core/API/Src/BM280.d" -MT"Core/API/Src/BM280.o" --specs=nano.specs -mfpu=fpv4-sp-d16 -mfloat-abi=hard -mthumb -o "Core/API/Src/BM280.o"
arm-none-eabi-gcc "../Core/API/Src/FSM_termometro.c" -mcpu=cortex-m4 -std=gnu11 -g3 -DDEBUG -DUSE_HAL_DRIVER -DSTM32F429xx -c -I../Core/Inc -I../Drivers/STM32F4xx_HAL_Driver/Inc -I../Drivers/STM32F4xx_HAL_Driver/Inc/Legacy -I../Drivers/CMSIS/Device/ST/STM32F4xx/Include -I../Drivers/CMSIS/Include -I"/home/rome/STM32CubeIDE/workspace_1.12.1/RaulRomero_workspace/TF_Termometro2/Core/API/Inc" -I"/home/rome/STM32CubeIDE/workspace_1.12.1/RaulRomero_workspace/TF_Termometro2/Core/API" -O0 -ffunction-sections -fdata-sections -Wall -fstack-usage -fcyclomatic-complexity -MMD -MP -MF"Core/API/Src/FSM_termometro.d" -MT"Core/API/Src/FSM_termometro.o" --specs=nano.specs -mfpu=fpv4-sp-d16 -mfloat-abi=hard -mthumb -o "Core/API/Src/FSM_termometro.o"
arm-none-eabi-gcc "../Core/API/Src/LCD44780.c" -mcpu=cortex-m4 -std=gnu11 -g3 -DDEBUG -DUSE_HAL_DRIVER -DSTM32F429xx -c -I../Core/Inc -I../Drivers/STM32F4xx_HAL_Driver/Inc -I../Drivers/STM32F4xx_HAL_Driver/Inc/Legacy -I../Drivers/CMSIS/Device/ST/STM32F4xx/Include -I../Drivers/CMSIS/Include -I"/home/rome/STM32CubeIDE/workspace_1.12.1/RaulRomero_workspace/TF_Termometro2/Core/API/Inc" -I"/home/rome/STM32CubeIDE/workspace_1.12.1/RaulRomero_workspace/TF_Termometro2/Core/API" -O0 -ffunction-sections -fdata-sections -Wall -fstack-usage -fcyclomatic-complexity -MMD -MP -MF"Core/API/Src/LCD44780.d" -MT"Core/API/Src/LCD44780.o" --specs=nano.specs -mfpu=fpv4-sp-d16 -mfloat-abi=hard -mthumb -o "Core/API/Src/LCD44780.o"
In file included from /home/rome/STM32CubeIDE/workspace_1.12.1/RaulRomero_workspace/TF_Termometro2/Core/API/Inc/FSM_termometro.h:11,
                 from ../Core/Src/main.c:24:
../Core/Inc/termometroConfig.h:23:27: warning: 'huart3' defined but not used [-Wunused-variable]
   23 | static UART_HandleTypeDef huart3;
      |                           ^~~~~~
../Core/Inc/termometroConfig.h:22:27: warning: 'hi2c2' defined but not used [-Wunused-variable]
   22 | static I2C_HandleTypeDef  hi2c2;
      |                           ^~~~~
../Core/Inc/termometroConfig.h:21:27: warning: 'hspi1' defined but not used [-Wunused-variable]
   21 | static SPI_HandleTypeDef  hspi1;
      |                           ^~~~~
../Core/API/Src/BM280.c: In function 'BMP280_Read8':
../Core/API/Src/BM280.c:35:2: warning: implicit declaration of function 'BMP280_SPI_TransmitReceive'; did you mean 'HAL_SPI_TransmitReceive'? [-Wimplicit-function-declaration]
   35 |  BMP280_SPI_TransmitReceive(tmp,BMP280_SIZE_8,BMP280_TIMEOUT);
      |  ^~~~~~~~~~~~~~~~~~~~~~~~~~
      |  HAL_SPI_TransmitReceive
../Core/API/Src/LCD44780.c: In function 'LCD44780_UpdateTemperature':
../Core/API/Src/LCD44780.c:111:5: warning: implicit declaration of function 'sprintf' [-Wimplicit-function-declaration]
  111 |     sprintf(temperatureString, "%.2f", temperature);
      |     ^~~~~~~
../Core/API/Src/LCD44780.c:111:5: warning: incompatible implicit declaration of built-in function 'sprintf'
../Core/API/Src/LCD44780.c:8:1: note: include '<stdio.h>' or provide a declaration of 'sprintf'
    7 | #include "LCD44780.h"
  +++ |+#include <stdio.h>
    8 | 
../Core/API/Src/LCD44780.c:117:5: warning: implicit declaration of function 'memset' [-Wimplicit-function-declaration]
  117 |     memset(temperatureString, 0, sizeof(temperatureString));
      |     ^~~~~~
../Core/API/Src/LCD44780.c:117:5: warning: incompatible implicit declaration of built-in function 'memset'
../Core/API/Src/LCD44780.c:8:1: note: include '<string.h>' or provide a declaration of 'memset'
    7 | #include "LCD44780.h"
  +++ |+#include <string.h>
    8 | 
arm-none-eabi-gcc "../Core/API/Src/port.c" -mcpu=cortex-m4 -std=gnu11 -g3 -DDEBUG -DUSE_HAL_DRIVER -DSTM32F429xx -c -I../Core/Inc -I../Drivers/STM32F4xx_HAL_Driver/Inc -I../Drivers/STM32F4xx_HAL_Driver/Inc/Legacy -I../Drivers/CMSIS/Device/ST/STM32F4xx/Include -I../Drivers/CMSIS/Include -I"/home/rome/STM32CubeIDE/workspace_1.12.1/RaulRomero_workspace/TF_Termometro2/Core/API/Inc" -I"/home/rome/STM32CubeIDE/workspace_1.12.1/RaulRomero_workspace/TF_Termometro2/Core/API" -O0 -ffunction-sections -fdata-sections -Wall -fstack-usage -fcyclomatic-complexity -MMD -MP -MF"Core/API/Src/port.d" -MT"Core/API/Src/port.o" --specs=nano.specs -mfpu=fpv4-sp-d16 -mfloat-abi=hard -mthumb -o "Core/API/Src/port.o"
../Core/API/Src/port.c: In function 'UART_Send_Temperature':
../Core/API/Src/port.c:163:4: warning: implicit declaration of function 'printf' [-Wimplicit-function-declaration]
  163 |    printf("Temperatura=%.2f\n",temperature);
      |    ^~~~~~
../Core/API/Src/port.c:163:4: warning: incompatible implicit declaration of built-in function 'printf'
../Core/API/Src/port.c:8:1: note: include '<stdio.h>' or provide a declaration of 'printf'
    7 | #include "port.h"
  +++ |+#include <stdio.h>
    8 | 
../Core/API/Src/port.c: In function 'UART_TemperatureAlarm':
../Core/API/Src/port.c:168:4: warning: incompatible implicit declaration of built-in function 'printf'
  168 |    printf("Alarma: Err1\n");
      |    ^~~~~~
../Core/API/Src/port.c:168:4: note: include '<stdio.h>' or provide a declaration of 'printf'
../Core/API/Src/port.c: In function 'UART_SensorTemperatureError':
../Core/API/Src/port.c:173:4: warning: incompatible implicit declaration of built-in function 'printf'
  173 |    printf("Error en lectura del sensor: Err2\n");
      |    ^~~~~~
../Core/API/Src/port.c:173:4: note: include '<stdio.h>' or provide a declaration of 'printf'
../Core/API/Src/port.c: In function 'UART_SensorConnectError':
../Core/API/Src/port.c:178:4: warning: incompatible implicit declaration of built-in function 'printf'
  178 |    printf("Error en la Conexi√≥n con el sensor: Err3\n");
      |    ^~~~~~
../Core/API/Src/port.c:178:4: note: include '<stdio.h>' or provide a declaration of 'printf'
arm-none-eabi-gcc -o "TF_Termometro2.elf" @"objects.list"   -mcpu=cortex-m4 -T"/home/rome/STM32CubeIDE/workspace_1.12.1/RaulRomero_workspace/TF_Termometro2/STM32F429ZITX_FLASH.ld" --specs=nosys.specs -Wl,-Map="TF_Termometro2.map" -Wl,--gc-sections -static --specs=nano.specs -mfpu=fpv4-sp-d16 -mfloat-abi=hard -mthumb -u _printf_float -Wl,--start-group -lc -lm -Wl,--end-group
Finished building target: TF_Termometro2.elf
 
arm-none-eabi-size   TF_Termometro2.elf 
arm-none-eabi-objdump -h -S  TF_Termometro2.elf  > "TF_Termometro2.list"
   text	   data	    bss	    dec	    hex	filename
  31228	    488	   2096	  33812	   8414	TF_Termometro2.elf
Finished building: default.size.stdout
 
Finished building: TF_Termometro2.list
 
11:32:39 **** Incremental Build of configuration Debug for project TF_Termometro2 ****
make -j4 all 
arm-none-eabi-gcc "../Core/Src/main.c" -mcpu=cortex-m4 -std=gnu11 -g3 -DDEBUG -DUSE_HAL_DRIVER -DSTM32F429xx -c -I../Core/Inc -I../Drivers/STM32F4xx_HAL_Driver/Inc -I../Drivers/STM32F4xx_HAL_Driver/Inc/Legacy -I../Drivers/CMSIS/Device/ST/STM32F4xx/Include -I../Drivers/CMSIS/Include -I"/home/rome/STM32CubeIDE/workspace_1.12.1/RaulRomero_workspace/TF_Termometro2/Core/API/Inc" -I"/home/rome/STM32CubeIDE/workspace_1.12.1/RaulRomero_workspace/TF_Termometro2/Core/API" -O0 -ffunction-sections -fdata-sections -Wall -fstack-usage -fcyclomatic-complexity -MMD -MP -MF"Core/Src/main.d" -MT"Core/Src/main.o" --specs=nano.specs -mfpu=fpv4-sp-d16 -mfloat-abi=hard -mthumb -o "Core/Src/main.o"
arm-none-eabi-gcc "../Core/API/Src/FSM_termometro.c" -mcpu=cortex-m4 -std=gnu11 -g3 -DDEBUG -DUSE_HAL_DRIVER -DSTM32F429xx -c -I../Core/Inc -I../Drivers/STM32F4xx_HAL_Driver/Inc -I../Drivers/STM32F4xx_HAL_Driver/Inc/Legacy -I../Drivers/CMSIS/Device/ST/STM32F4xx/Include -I../Drivers/CMSIS/Include -I"/home/rome/STM32CubeIDE/workspace_1.12.1/RaulRomero_workspace/TF_Termometro2/Core/API/Inc" -I"/home/rome/STM32CubeIDE/workspace_1.12.1/RaulRomero_workspace/TF_Termometro2/Core/API" -O0 -ffunction-sections -fdata-sections -Wall -fstack-usage -fcyclomatic-complexity -MMD -MP -MF"Core/API/Src/FSM_termometro.d" -MT"Core/API/Src/FSM_termometro.o" --specs=nano.specs -mfpu=fpv4-sp-d16 -mfloat-abi=hard -mthumb -o "Core/API/Src/FSM_termometro.o"
arm-none-eabi-gcc "../Core/API/Src/LCD44780.c" -mcpu=cortex-m4 -std=gnu11 -g3 -DDEBUG -DUSE_HAL_DRIVER -DSTM32F429xx -c -I../Core/Inc -I../Drivers/STM32F4xx_HAL_Driver/Inc -I../Drivers/STM32F4xx_HAL_Driver/Inc/Legacy -I../Drivers/CMSIS/Device/ST/STM32F4xx/Include -I../Drivers/CMSIS/Include -I"/home/rome/STM32CubeIDE/workspace_1.12.1/RaulRomero_workspace/TF_Termometro2/Core/API/Inc" -I"/home/rome/STM32CubeIDE/workspace_1.12.1/RaulRomero_workspace/TF_Termometro2/Core/API" -O0 -ffunction-sections -fdata-sections -Wall -fstack-usage -fcyclomatic-complexity -MMD -MP -MF"Core/API/Src/LCD44780.d" -MT"Core/API/Src/LCD44780.o" --specs=nano.specs -mfpu=fpv4-sp-d16 -mfloat-abi=hard -mthumb -o "Core/API/Src/LCD44780.o"
arm-none-eabi-gcc "../Core/API/Src/port.c" -mcpu=cortex-m4 -std=gnu11 -g3 -DDEBUG -DUSE_HAL_DRIVER -DSTM32F429xx -c -I../Core/Inc -I../Drivers/STM32F4xx_HAL_Driver/Inc -I../Drivers/STM32F4xx_HAL_Driver/Inc/Legacy -I../Drivers/CMSIS/Device/ST/STM32F4xx/Include -I../Drivers/CMSIS/Include -I"/home/rome/STM32CubeIDE/workspace_1.12.1/RaulRomero_workspace/TF_Termometro2/Core/API/Inc" -I"/home/rome/STM32CubeIDE/workspace_1.12.1/RaulRomero_workspace/TF_Termometro2/Core/API" -O0 -ffunction-sections -fdata-sections -Wall -fstack-usage -fcyclomatic-complexity -MMD -MP -MF"Core/API/Src/port.d" -MT"Core/API/Src/port.o" --specs=nano.specs -mfpu=fpv4-sp-d16 -mfloat-abi=hard -mthumb -o "Core/API/Src/port.o"
../Core/API/Src/LCD44780.c: In function 'LCD44780_UpdateTemperature':
../Core/API/Src/LCD44780.c:111:5: warning: implicit declaration of function 'sprintf' [-Wimplicit-function-declaration]
  111 |     sprintf(temperatureString, "%.2f", temperature);
      |     ^~~~~~~
../Core/API/Src/LCD44780.c:111:5: warning: incompatible implicit declaration of built-in function 'sprintf'
../Core/API/Src/LCD44780.c:8:1: note: include '<stdio.h>' or provide a declaration of 'sprintf'
    7 | #include "LCD44780.h"
  +++ |+#include <stdio.h>
    8 | 
../Core/API/Src/LCD44780.c:117:5: warning: implicit declaration of function 'memset' [-Wimplicit-function-declaration]
  117 |     memset(temperatureString, 0, sizeof(temperatureString));
      |     ^~~~~~
../Core/API/Src/LCD44780.c:117:5: warning: incompatible implicit declaration of built-in function 'memset'
../Core/API/Src/LCD44780.c:8:1: note: include '<string.h>' or provide a declaration of 'memset'
    7 | #include "LCD44780.h"
  +++ |+#include <string.h>
    8 | 
In file included from /home/rome/STM32CubeIDE/workspace_1.12.1/RaulRomero_workspace/TF_Termometro2/Core/API/Inc/FSM_termometro.h:11,
                 from ../Core/Src/main.c:24:
../Core/Inc/termometroConfig.h:23:27: warning: 'huart3' defined but not used [-Wunused-variable]
   23 | static UART_HandleTypeDef huart3;
      |                           ^~~~~~
../Core/Inc/termometroConfig.h:22:27: warning: 'hi2c2' defined but not used [-Wunused-variable]
   22 | static I2C_HandleTypeDef  hi2c2;
      |                           ^~~~~
../Core/Inc/termometroConfig.h:21:27: warning: 'hspi1' defined but not used [-Wunused-variable]
   21 | static SPI_HandleTypeDef  hspi1;
      |                           ^~~~~
../Core/API/Src/port.c: In function 'UART_Send_Temperature':
../Core/API/Src/port.c:163:4: warning: implicit declaration of function 'printf' [-Wimplicit-function-declaration]
  163 |    printf("Temperatura=%.2f\n",temperature);
      |    ^~~~~~
../Core/API/Src/port.c:163:4: warning: incompatible implicit declaration of built-in function 'printf'
../Core/API/Src/port.c:8:1: note: include '<stdio.h>' or provide a declaration of 'printf'
    7 | #include "port.h"
  +++ |+#include <stdio.h>
    8 | 
../Core/API/Src/port.c: In function 'UART_TemperatureAlarm':
../Core/API/Src/port.c:168:4: warning: incompatible implicit declaration of built-in function 'printf'
  168 |    printf("Alarma: Err1\n");
      |    ^~~~~~
../Core/API/Src/port.c:168:4: note: include '<stdio.h>' or provide a declaration of 'printf'
../Core/API/Src/port.c: In function 'UART_SensorTemperatureError':
../Core/API/Src/port.c:173:4: warning: incompatible implicit declaration of built-in function 'printf'
  173 |    printf("Error en lectura del sensor: Err2\n");
      |    ^~~~~~
../Core/API/Src/port.c:173:4: note: include '<stdio.h>' or provide a declaration of 'printf'
../Core/API/Src/port.c: In function 'UART_SensorConnectError':
../Core/API/Src/port.c:178:4: warning: incompatible implicit declaration of built-in function 'printf'
  178 |    printf("Error en la Conexion con el sensor: Err3\n");
      |    ^~~~~~
../Core/API/Src/port.c:178:4: note: include '<stdio.h>' or provide a declaration of 'printf'
arm-none-eabi-gcc -o "TF_Termometro2.elf" @"objects.list"   -mcpu=cortex-m4 -T"/home/rome/STM32CubeIDE/workspace_1.12.1/RaulRomero_workspace/TF_Termometro2/STM32F429ZITX_FLASH.ld" --specs=nosys.specs -Wl,-Map="TF_Termometro2.map" -Wl,--gc-sections -static --specs=nano.specs -mfpu=fpv4-sp-d16 -mfloat-abi=hard -mthumb -u _printf_float -Wl,--start-group -lc -lm -Wl,--end-group
Finished building target: TF_Termometro2.elf
 
arm-none-eabi-size   TF_Termometro2.elf 
arm-none-eabi-objdump -h -S  TF_Termometro2.elf  > "TF_Termometro2.list"
   text	   data	    bss	    dec	    hex	filename
  31292	    488	   2096	  33876	   8454	TF_Termometro2.elf
Finished building: default.size.stdout
 
Finished building: TF_Termometro2.list
 
